<?xml version="1.0" encoding="UTF-8"?>
<!-- Generated by org.testng.reporters.JUnitXMLReporter -->
<testsuite hostname="WINDOWS-BQKBTT7" name="Test" tests="26" failures="0" timestamp="31 Mar 2018 06:45:14 GMT" time="5.688" errors="0">
  <testcase name="@BeforeTest executing" time="0.0" classname="com.pack.home.TestExecution.TestRun">
    <failure type="org.openqa.selenium.WebDriverException" message="disconnected: unable to connect to renderer
  (Session info: chrome=65.0.3325.181)
  (Driver info: chromedriver=2.32.498550 (9dec58e66c31bcc53a9ce3c7226f0c1c5810906a),platform=Windows NT 10.0.16299 x86_64) (WARNING: The server did not provide any stacktrace information)
Command duration or timeout: 0 milliseconds
Build info: version: &amp;apos;3.5.3&amp;apos;, revision: &amp;apos;a88d25fe6b&amp;apos;, time: &amp;apos;2017-08-29T12:42:44.417Z&amp;apos;
System info: host: &amp;apos;WINDOWS-BQKBTT7&amp;apos;, ip: &amp;apos;192.168.99.1&amp;apos;, os.name: &amp;apos;Windows 10&amp;apos;, os.arch: &amp;apos;amd64&amp;apos;, os.version: &amp;apos;10.0&amp;apos;, java.version: &amp;apos;1.8.0_102&amp;apos;
Driver info: org.openqa.selenium.chrome.ChromeDriver
Capabilities [{mobileEmulationEnabled=false, hasTouchScreen=false, platform=XP, acceptSslCerts=true, webStorageEnabled=true, browserName=chrome, takesScreenshot=true, javascriptEnabled=true, platformName=XP, setWindowRect=true, unexpectedAlertBehaviour=, applicationCacheEnabled=false, rotatable=false, networkConnectionEnabled=false, chrome={chromedriverVersion=2.32.498550 (9dec58e66c31bcc53a9ce3c7226f0c1c5810906a), userDataDir=C:\Users\siddu\AppData\Local\Temp\scoped_dir8280_28768}, takesHeapSnapshot=true, pageLoadStrategy=normal, unhandledPromptBehavior=, databaseEnabled=false, handlesAlerts=true, version=65.0.3325.181, browserConnectionEnabled=false, nativeEvents=true, locationContextEnabled=true, cssSelectorsEnabled=true}]
Session ID: 9f974c009a79d1299603da5a49f28903">
      <![CDATA[org.openqa.selenium.WebDriverException: disconnected: unable to connect to renderer
  (Session info: chrome=65.0.3325.181)
  (Driver info: chromedriver=2.32.498550 (9dec58e66c31bcc53a9ce3c7226f0c1c5810906a),platform=Windows NT 10.0.16299 x86_64) (WARNING: The server did not provide any stacktrace information)
Command duration or timeout: 0 milliseconds
Build info: version: '3.5.3', revision: 'a88d25fe6b', time: '2017-08-29T12:42:44.417Z'
System info: host: 'WINDOWS-BQKBTT7', ip: '192.168.99.1', os.name: 'Windows 10', os.arch: 'amd64', os.version: '10.0', java.version: '1.8.0_102'
Driver info: org.openqa.selenium.chrome.ChromeDriver
Capabilities [{mobileEmulationEnabled=false, hasTouchScreen=false, platform=XP, acceptSslCerts=true, webStorageEnabled=true, browserName=chrome, takesScreenshot=true, javascriptEnabled=true, platformName=XP, setWindowRect=true, unexpectedAlertBehaviour=, applicationCacheEnabled=false, rotatable=false, networkConnectionEnabled=false, chrome={chromedriverVersion=2.32.498550 (9dec58e66c31bcc53a9ce3c7226f0c1c5810906a), userDataDir=C:\Users\siddu\AppData\Local\Temp\scoped_dir8280_28768}, takesHeapSnapshot=true, pageLoadStrategy=normal, unhandledPromptBehavior=, databaseEnabled=false, handlesAlerts=true, version=65.0.3325.181, browserConnectionEnabled=false, nativeEvents=true, locationContextEnabled=true, cssSelectorsEnabled=true}]
Session ID: 9f974c009a79d1299603da5a49f28903
	at org.openqa.selenium.remote.ErrorHandler.createThrowable(ErrorHandler.java:215)
	at org.openqa.selenium.remote.ErrorHandler.throwIfResponseFailed(ErrorHandler.java:167)
	at org.openqa.selenium.remote.http.JsonHttpResponseCodec.reconstructValue(JsonHttpResponseCodec.java:40)
	at org.openqa.selenium.remote.http.AbstractHttpResponseCodec.decode(AbstractHttpResponseCodec.java:82)
	at org.openqa.selenium.remote.http.AbstractHttpResponseCodec.decode(AbstractHttpResponseCodec.java:45)
	at org.openqa.selenium.remote.HttpCommandExecutor.execute(HttpCommandExecutor.java:164)
	at org.openqa.selenium.remote.service.DriverCommandExecutor.execute(DriverCommandExecutor.java:82)
	at org.openqa.selenium.remote.RemoteWebDriver.execute(RemoteWebDriver.java:646)
	at org.openqa.selenium.remote.RemoteWebDriver.execute(RemoteWebDriver.java:703)
	at org.openqa.selenium.remote.RemoteWebDriver$RemoteWebDriverOptions$RemoteWindow.maximize(RemoteWebDriver.java:934)
	at com.pack.home.Libraries.DriverLaunch.openBrowser(DriverLaunch.java:53)
	at com.pack.home.TestExecution.TestRun.executing(TestRun.java:20)
	at org.apache.maven.surefire.testng.TestNGExecutor.run(TestNGExecutor.java:283)
	at org.apache.maven.surefire.testng.TestNGXmlTestSuite.execute(TestNGXmlTestSuite.java:75)
	at org.apache.maven.surefire.testng.TestNGProvider.invoke(TestNGProvider.java:120)
	at org.apache.maven.surefire.booter.ForkedBooter.invokeProviderInSameClassLoader(ForkedBooter.java:386)
	at org.apache.maven.surefire.booter.ForkedBooter.runSuitesInProcess(ForkedBooter.java:323)
	at org.apache.maven.surefire.booter.ForkedBooter.main(ForkedBooter.java:143)
... Removed 23 stack frames]]>
    </failure>
  </testcase> <!-- @BeforeTest executing -->
  <testcase name="@AfterTest afterMethod" time="0.0" classname="com.pack.home.TestExecution.TestRun">
    <skipped/>
  </testcase> <!-- @AfterTest afterMethod -->
  <testcase name="unsuccessfullogin" time="0.0" classname="com.pack.home.TestExecution.TestRun">
    <skipped/>
  </testcase> <!-- unsuccessfullogin -->
  <testcase name="login" time="0.0" classname="com.pack.home.TestExecution.TestRun">
    <skipped/>
  </testcase> <!-- login -->
  <testcase name="verifyWelcomeMesg" time="0.0" classname="com.pack.home.TestExecution.TestRun">
    <skipped/>
  </testcase> <!-- verifyWelcomeMesg -->
  <testcase name="clickPrivacy" time="0.0" classname="com.pack.home.TestExecution.TestRun">
    <skipped/>
  </testcase> <!-- clickPrivacy -->
  <testcase name="clickTerms" time="0.0" classname="com.pack.home.TestExecution.TestRun">
    <skipped/>
  </testcase> <!-- clickTerms -->
  <testcase name="clickRefund" time="0.0" classname="com.pack.home.TestExecution.TestRun">
    <skipped/>
  </testcase> <!-- clickRefund -->
  <testcase name="clickfeedback" time="0.0" classname="com.pack.home.TestExecution.TestRun">
    <skipped/>
  </testcase> <!-- clickfeedback -->
  <testcase name="sendfeedback" time="0.0" classname="com.pack.home.TestExecution.TestRun">
    <skipped/>
  </testcase> <!-- sendfeedback -->
  <testcase name="clickfaq" time="0.0" classname="com.pack.home.TestExecution.TestRun">
    <skipped/>
  </testcase> <!-- clickfaq -->
  <testcase name="clickknowcpe" time="0.0" classname="com.pack.home.TestExecution.TestRun">
    <skipped/>
  </testcase> <!-- clickknowcpe -->
  <testcase name="clickPayment" time="0.0" classname="com.pack.home.TestExecution.TestRun">
    <skipped/>
  </testcase> <!-- clickPayment -->
  <testcase name="clickPayBill" time="0.0" classname="com.pack.home.TestExecution.TestRun">
    <skipped/>
  </testcase> <!-- clickPayBill -->
  <testcase name="clickcontact" time="0.0" classname="com.pack.home.TestExecution.TestRun">
    <skipped/>
  </testcase> <!-- clickcontact -->
  <testcase name="sendcontactus" time="0.001" classname="com.pack.home.TestExecution.TestRun">
    <skipped/>
  </testcase> <!-- sendcontactus -->
  <testcase name="clickTopUp" time="0.0" classname="com.pack.home.TestExecution.TestRun">
    <skipped/>
  </testcase> <!-- clickTopUp -->
  <testcase name="clickPlan" time="0.0" classname="com.pack.home.TestExecution.TestRun">
    <skipped/>
  </testcase> <!-- clickPlan -->
  <testcase name="clickProfile" time="0.001" classname="com.pack.home.TestExecution.TestRun">
    <skipped/>
  </testcase> <!-- clickProfile -->
  <testcase name="clickService" time="0.0" classname="com.pack.home.TestExecution.TestRun">
    <skipped/>
  </testcase> <!-- clickService -->
  <testcase name="sendnowrequest" time="0.0" classname="com.pack.home.TestExecution.TestRun">
    <skipped/>
  </testcase> <!-- sendnowrequest -->
  <testcase name="parentallink" time="0.001" classname="com.pack.home.TestExecution.TestRun">
    <skipped/>
  </testcase> <!-- parentallink -->
  <testcase name="advancedlink" time="0.0" classname="com.pack.home.TestExecution.TestRun">
    <skipped/>
  </testcase> <!-- advancedlink -->
  <testcase name="selectlink2" time="0.0" classname="com.pack.home.TestExecution.TestRun">
    <skipped/>
  </testcase> <!-- selectlink2 -->
  <testcase name="blockedlink" time="0.0" classname="com.pack.home.TestExecution.TestRun">
    <skipped/>
  </testcase> <!-- blockedlink -->
  <testcase name="customlink" time="0.0" classname="com.pack.home.TestExecution.TestRun">
    <skipped/>
  </testcase> <!-- customlink -->
  <testcase name="Customurl" time="0.001" classname="com.pack.home.TestExecution.TestRun">
    <skipped/>
  </testcase> <!-- Customurl -->
  <testcase name="logout" time="0.001" classname="com.pack.home.TestExecution.TestRun">
    <skipped/>
  </testcase> <!-- logout -->
</testsuite> <!-- Test -->
