<?xml version="1.0" encoding="UTF-8"?>
<testng-results skipped="0" failed="3" total="18" passed="15">
  <reporter-output>
  </reporter-output>
  <suite name="Default suite" duration-ms="109998" started-at="2017-09-20T05:20:44Z" finished-at="2017-09-20T05:22:34Z">
    <groups>
    </groups>
    <test name="Default test" duration-ms="109998" started-at="2017-09-20T05:20:44Z" finished-at="2017-09-20T05:22:34Z">
      <class name="com.pack.home.TestExecution.TestRun">
        <test-method status="PASS" signature="executing()[pri:0, instance:com.pack.home.TestExecution.TestRun@42d80b78]" name="executing" is-config="true" duration-ms="6171" started-at="2017-09-20T10:50:44Z" finished-at="2017-09-20T10:50:50Z">
          <reporter-output>
          </reporter-output>
        </test-method> <!-- executing -->
        <test-method status="PASS" signature="unsuccessfullogin()[pri:0, instance:com.pack.home.TestExecution.TestRun@42d80b78]" name="unsuccessfullogin" duration-ms="10560" started-at="2017-09-20T10:50:50Z" description="Performs an unsuccessful login and checks the resulting error message (passes)" finished-at="2017-09-20T10:51:01Z">
          <reporter-output>
          </reporter-output>
        </test-method> <!-- unsuccessfullogin -->
        <test-method status="PASS" signature="login()[pri:0, instance:com.pack.home.TestExecution.TestRun@42d80b78]" name="login" duration-ms="11040" started-at="2017-09-20T10:51:01Z" description="Performs an successful login and checks the dashboard url (passes)" finished-at="2017-09-20T10:51:12Z">
          <reporter-output>
          </reporter-output>
        </test-method> <!-- login -->
        <test-method status="PASS" signature="clickPrivacy()[pri:0, instance:com.pack.home.TestExecution.TestRun@42d80b78]" name="clickPrivacy" duration-ms="5277" started-at="2017-09-20T10:51:12Z" description="Tries to navigate to privacy (passes)" finished-at="2017-09-20T10:51:17Z">
          <reporter-output>
          </reporter-output>
        </test-method> <!-- clickPrivacy -->
        <test-method status="PASS" signature="clickTerms()[pri:0, instance:com.pack.home.TestExecution.TestRun@42d80b78]" name="clickTerms" duration-ms="5281" started-at="2017-09-20T10:51:17Z" description="Tries to navigate to Terms of services (passes)" finished-at="2017-09-20T10:51:23Z">
          <reporter-output>
          </reporter-output>
        </test-method> <!-- clickTerms -->
        <test-method status="PASS" signature="clickRefund()[pri:0, instance:com.pack.home.TestExecution.TestRun@42d80b78]" name="clickRefund" duration-ms="5268" started-at="2017-09-20T10:51:23Z" description="Tries to navigate to Refund page (passes)" finished-at="2017-09-20T10:51:28Z">
          <reporter-output>
          </reporter-output>
        </test-method> <!-- clickRefund -->
        <test-method status="PASS" signature="clickfeedback()[pri:0, instance:com.pack.home.TestExecution.TestRun@42d80b78]" name="clickfeedback" duration-ms="5259" started-at="2017-09-20T10:51:28Z" description="Tries to navigate to Feedback (passes)" finished-at="2017-09-20T10:51:33Z">
          <reporter-output>
          </reporter-output>
        </test-method> <!-- clickfeedback -->
        <test-method status="PASS" signature="clickcontact()[pri:0, instance:com.pack.home.TestExecution.TestRun@42d80b78]" name="clickcontact" duration-ms="6412" started-at="2017-09-20T10:51:33Z" description="Tries to navigate to Contact us (passes)" finished-at="2017-09-20T10:51:40Z">
          <reporter-output>
          </reporter-output>
        </test-method> <!-- clickcontact -->
        <test-method status="PASS" signature="clickfaq()[pri:0, instance:com.pack.home.TestExecution.TestRun@42d80b78]" name="clickfaq" duration-ms="5300" started-at="2017-09-20T10:51:40Z" description="Tries to navigate to FAQ (passes)" finished-at="2017-09-20T10:51:45Z">
          <reporter-output>
          </reporter-output>
        </test-method> <!-- clickfaq -->
        <test-method status="PASS" signature="clickknowcpe()[pri:0, instance:com.pack.home.TestExecution.TestRun@42d80b78]" name="clickknowcpe" duration-ms="5350" started-at="2017-09-20T10:51:45Z" description="Tries to navigate to Know your CPE (passes)" finished-at="2017-09-20T10:51:50Z">
          <reporter-output>
          </reporter-output>
        </test-method> <!-- clickknowcpe -->
        <test-method status="PASS" signature="clickknowbill()[pri:0, instance:com.pack.home.TestExecution.TestRun@42d80b78]" name="clickknowbill" duration-ms="5169" started-at="2017-09-20T10:51:50Z" description="Tries to navigate to Know your BILL (passes)" finished-at="2017-09-20T10:51:55Z">
          <reporter-output>
          </reporter-output>
        </test-method> <!-- clickknowbill -->
        <test-method status="FAIL" signature="verifyWelcomeMesg()[pri:0, instance:com.pack.home.TestExecution.TestRun@42d80b78]" name="verifyWelcomeMesg" duration-ms="171" started-at="2017-09-20T10:51:55Z" description="Checks for the welcome message (passes)" finished-at="2017-09-20T10:51:56Z">
          <exception class="org.openqa.selenium.NoSuchElementException">
            <message>
              <![CDATA[no such element: Unable to locate element: {"method":"class name","selector":"currentBillFontforiPhone5"}
  (Session info: chrome=61.0.3163.79)
  (Driver info: chromedriver=2.32.498550 (9dec58e66c31bcc53a9ce3c7226f0c1c5810906a),platform=Windows NT 10.0.15063 x86_64) (WARNING: The server did not provide any stacktrace information)
Command duration or timeout: 168 milliseconds
For documentation on this error, please visit: http://seleniumhq.org/exceptions/no_such_element.html
Build info: version: '3.0.1', revision: '1969d75', time: '2016-10-18 09:49:13 -0700'
System info: host: 'WINDOWS-BQKBTT7', ip: '192.168.56.1', os.name: 'Windows 10', os.arch: 'amd64', os.version: '10.0', java.version: '1.8.0_102'
Driver info: org.openqa.selenium.chrome.ChromeDriver
Capabilities [{applicationCacheEnabled=false, rotatable=false, mobileEmulationEnabled=false, networkConnectionEnabled=false, chrome={chromedriverVersion=2.32.498550 (9dec58e66c31bcc53a9ce3c7226f0c1c5810906a), userDataDir=C:\Users\siddu\AppData\Local\Temp\scoped_dir3252_29117}, takesHeapSnapshot=true, pageLoadStrategy=normal, databaseEnabled=false, handlesAlerts=true, hasTouchScreen=false, version=61.0.3163.79, platform=XP, browserConnectionEnabled=false, nativeEvents=true, acceptSslCerts=true, locationContextEnabled=true, webStorageEnabled=true, browserName=chrome, takesScreenshot=true, javascriptEnabled=true, cssSelectorsEnabled=true, setWindowRect=true, unexpectedAlertBehaviour=}]
Session ID: a02518216512d147e34f7c483c3e396b
*** Element info: {Using=class name, value=currentBillFontforiPhone5}]]>
            </message>
            <full-stacktrace>
              <![CDATA[org.openqa.selenium.NoSuchElementException: no such element: Unable to locate element: {"method":"class name","selector":"currentBillFontforiPhone5"}
  (Session info: chrome=61.0.3163.79)
  (Driver info: chromedriver=2.32.498550 (9dec58e66c31bcc53a9ce3c7226f0c1c5810906a),platform=Windows NT 10.0.15063 x86_64) (WARNING: The server did not provide any stacktrace information)
Command duration or timeout: 168 milliseconds
For documentation on this error, please visit: http://seleniumhq.org/exceptions/no_such_element.html
Build info: version: '3.0.1', revision: '1969d75', time: '2016-10-18 09:49:13 -0700'
System info: host: 'WINDOWS-BQKBTT7', ip: '192.168.56.1', os.name: 'Windows 10', os.arch: 'amd64', os.version: '10.0', java.version: '1.8.0_102'
Driver info: org.openqa.selenium.chrome.ChromeDriver
Capabilities [{applicationCacheEnabled=false, rotatable=false, mobileEmulationEnabled=false, networkConnectionEnabled=false, chrome={chromedriverVersion=2.32.498550 (9dec58e66c31bcc53a9ce3c7226f0c1c5810906a), userDataDir=C:\Users\siddu\AppData\Local\Temp\scoped_dir3252_29117}, takesHeapSnapshot=true, pageLoadStrategy=normal, databaseEnabled=false, handlesAlerts=true, hasTouchScreen=false, version=61.0.3163.79, platform=XP, browserConnectionEnabled=false, nativeEvents=true, acceptSslCerts=true, locationContextEnabled=true, webStorageEnabled=true, browserName=chrome, takesScreenshot=true, javascriptEnabled=true, cssSelectorsEnabled=true, setWindowRect=true, unexpectedAlertBehaviour=}]
Session ID: a02518216512d147e34f7c483c3e396b
*** Element info: {Using=class name, value=currentBillFontforiPhone5}
	at sun.reflect.NativeConstructorAccessorImpl.newInstance0(Native Method)
	at sun.reflect.NativeConstructorAccessorImpl.newInstance(NativeConstructorAccessorImpl.java:62)
	at sun.reflect.DelegatingConstructorAccessorImpl.newInstance(DelegatingConstructorAccessorImpl.java:45)
	at java.lang.reflect.Constructor.newInstance(Constructor.java:423)
	at org.openqa.selenium.remote.ErrorHandler.createThrowable(ErrorHandler.java:216)
	at org.openqa.selenium.remote.ErrorHandler.throwIfResponseFailed(ErrorHandler.java:168)
	at org.openqa.selenium.remote.RemoteWebDriver.execute(RemoteWebDriver.java:635)
	at org.openqa.selenium.remote.RemoteWebDriver.findElement(RemoteWebDriver.java:368)
	at org.openqa.selenium.remote.RemoteWebDriver.findElementByClassName(RemoteWebDriver.java:457)
	at org.openqa.selenium.By$ByClassName.findElement(By.java:391)
	at org.openqa.selenium.remote.RemoteWebDriver.findElement(RemoteWebDriver.java:360)
	at com.pack.home.Libraries.LibraryForGenericFunction.getText(LibraryForGenericFunction.java:150)
	at com.pack.home.TestExecution.TestRun.verifyWelcomeMesg(TestRun.java:85)
	at sun.reflect.NativeMethodAccessorImpl.invoke0(Native Method)
	at sun.reflect.NativeMethodAccessorImpl.invoke(NativeMethodAccessorImpl.java:62)
	at sun.reflect.DelegatingMethodAccessorImpl.invoke(DelegatingMethodAccessorImpl.java:43)
	at java.lang.reflect.Method.invoke(Method.java:498)
	at org.testng.internal.MethodInvocationHelper.invokeMethod(MethodInvocationHelper.java:80)
	at org.testng.internal.Invoker.invokeMethod(Invoker.java:714)
	at org.testng.internal.Invoker.invokeTestMethod(Invoker.java:901)
	at org.testng.internal.Invoker.invokeTestMethods(Invoker.java:1231)
	at org.testng.internal.TestMethodWorker.invokeTestMethods(TestMethodWorker.java:127)
	at org.testng.internal.TestMethodWorker.run(TestMethodWorker.java:111)
	at org.testng.TestRunner.privateRun(TestRunner.java:767)
	at org.testng.TestRunner.run(TestRunner.java:617)
	at org.testng.SuiteRunner.runTest(SuiteRunner.java:334)
	at org.testng.SuiteRunner.runSequentially(SuiteRunner.java:329)
	at org.testng.SuiteRunner.privateRun(SuiteRunner.java:291)
	at org.testng.SuiteRunner.run(SuiteRunner.java:240)
	at org.testng.SuiteRunnerWorker.runSuite(SuiteRunnerWorker.java:52)
	at org.testng.SuiteRunnerWorker.run(SuiteRunnerWorker.java:86)
	at org.testng.TestNG.runSuitesSequentially(TestNG.java:1198)
	at org.testng.TestNG.runSuitesLocally(TestNG.java:1123)
	at org.testng.TestNG.run(TestNG.java:1031)
	at org.testng.remote.AbstractRemoteTestNG.run(AbstractRemoteTestNG.java:114)
	at org.testng.remote.RemoteTestNG.initAndRun(RemoteTestNG.java:251)
	at org.testng.remote.RemoteTestNG.main(RemoteTestNG.java:77)
]]>
            </full-stacktrace>
          </exception> <!-- org.openqa.selenium.NoSuchElementException -->
          <reporter-output>
          </reporter-output>
        </test-method> <!-- verifyWelcomeMesg -->
        <test-method status="PASS" signature="clickPayment()[pri:0, instance:com.pack.home.TestExecution.TestRun@42d80b78]" name="clickPayment" duration-ms="5271" started-at="2017-09-20T10:51:56Z" description="Tries to navigate to Make Payment (passes)" finished-at="2017-09-20T10:52:01Z">
          <reporter-output>
          </reporter-output>
        </test-method> <!-- clickPayment -->
        <test-method status="PASS" signature="clickPayBill()[pri:0, instance:com.pack.home.TestExecution.TestRun@42d80b78]" name="clickPayBill" duration-ms="5318" started-at="2017-09-20T10:52:01Z" description="Tries to navigate to pay Bill (passes)" finished-at="2017-09-20T10:52:06Z">
          <reporter-output>
          </reporter-output>
        </test-method> <!-- clickPayBill -->
        <test-method status="FAIL" signature="clickTopUp()[pri:0, instance:com.pack.home.TestExecution.TestRun@42d80b78]" name="clickTopUp" duration-ms="5058" started-at="2017-09-20T10:52:06Z" description="Tries to navigate to Top up (passes)" finished-at="2017-09-20T10:52:11Z">
          <exception class="java.lang.AssertionError">
            <message>
              <![CDATA[Element not found]]>
            </message>
            <full-stacktrace>
              <![CDATA[java.lang.AssertionError: Element not found
	at org.testng.Assert.fail(Assert.java:94)
	at com.pack.home.Libraries.LibraryForGenericFunction.waitAndClickForID(LibraryForGenericFunction.java:92)
	at com.pack.home.TestExecution.TestRun.clickTopUp(TestRun.java:108)
	at sun.reflect.NativeMethodAccessorImpl.invoke0(Native Method)
	at sun.reflect.NativeMethodAccessorImpl.invoke(NativeMethodAccessorImpl.java:62)
	at sun.reflect.DelegatingMethodAccessorImpl.invoke(DelegatingMethodAccessorImpl.java:43)
	at java.lang.reflect.Method.invoke(Method.java:498)
	at org.testng.internal.MethodInvocationHelper.invokeMethod(MethodInvocationHelper.java:80)
	at org.testng.internal.Invoker.invokeMethod(Invoker.java:714)
	at org.testng.internal.Invoker.invokeTestMethod(Invoker.java:901)
	at org.testng.internal.Invoker.invokeTestMethods(Invoker.java:1231)
	at org.testng.internal.TestMethodWorker.invokeTestMethods(TestMethodWorker.java:127)
	at org.testng.internal.TestMethodWorker.run(TestMethodWorker.java:111)
	at org.testng.TestRunner.privateRun(TestRunner.java:767)
	at org.testng.TestRunner.run(TestRunner.java:617)
	at org.testng.SuiteRunner.runTest(SuiteRunner.java:334)
	at org.testng.SuiteRunner.runSequentially(SuiteRunner.java:329)
	at org.testng.SuiteRunner.privateRun(SuiteRunner.java:291)
	at org.testng.SuiteRunner.run(SuiteRunner.java:240)
	at org.testng.SuiteRunnerWorker.runSuite(SuiteRunnerWorker.java:52)
	at org.testng.SuiteRunnerWorker.run(SuiteRunnerWorker.java:86)
	at org.testng.TestNG.runSuitesSequentially(TestNG.java:1198)
	at org.testng.TestNG.runSuitesLocally(TestNG.java:1123)
	at org.testng.TestNG.run(TestNG.java:1031)
	at org.testng.remote.AbstractRemoteTestNG.run(AbstractRemoteTestNG.java:114)
	at org.testng.remote.RemoteTestNG.initAndRun(RemoteTestNG.java:251)
	at org.testng.remote.RemoteTestNG.main(RemoteTestNG.java:77)
]]>
            </full-stacktrace>
          </exception> <!-- java.lang.AssertionError -->
          <reporter-output>
          </reporter-output>
        </test-method> <!-- clickTopUp -->
        <test-method status="FAIL" signature="clickPlan()[pri:0, instance:com.pack.home.TestExecution.TestRun@42d80b78]" name="clickPlan" duration-ms="5039" started-at="2017-09-20T10:52:11Z" description="Tries to navigate to Your Plan(passes)" finished-at="2017-09-20T10:52:16Z">
          <exception class="java.lang.AssertionError">
            <message>
              <![CDATA[Element not found]]>
            </message>
            <full-stacktrace>
              <![CDATA[java.lang.AssertionError: Element not found
	at org.testng.Assert.fail(Assert.java:94)
	at com.pack.home.Libraries.LibraryForGenericFunction.waitAndClickForID(LibraryForGenericFunction.java:92)
	at com.pack.home.TestExecution.TestRun.clickPlan(TestRun.java:113)
	at sun.reflect.NativeMethodAccessorImpl.invoke0(Native Method)
	at sun.reflect.NativeMethodAccessorImpl.invoke(NativeMethodAccessorImpl.java:62)
	at sun.reflect.DelegatingMethodAccessorImpl.invoke(DelegatingMethodAccessorImpl.java:43)
	at java.lang.reflect.Method.invoke(Method.java:498)
	at org.testng.internal.MethodInvocationHelper.invokeMethod(MethodInvocationHelper.java:80)
	at org.testng.internal.Invoker.invokeMethod(Invoker.java:714)
	at org.testng.internal.Invoker.invokeTestMethod(Invoker.java:901)
	at org.testng.internal.Invoker.invokeTestMethods(Invoker.java:1231)
	at org.testng.internal.TestMethodWorker.invokeTestMethods(TestMethodWorker.java:127)
	at org.testng.internal.TestMethodWorker.run(TestMethodWorker.java:111)
	at org.testng.TestRunner.privateRun(TestRunner.java:767)
	at org.testng.TestRunner.run(TestRunner.java:617)
	at org.testng.SuiteRunner.runTest(SuiteRunner.java:334)
	at org.testng.SuiteRunner.runSequentially(SuiteRunner.java:329)
	at org.testng.SuiteRunner.privateRun(SuiteRunner.java:291)
	at org.testng.SuiteRunner.run(SuiteRunner.java:240)
	at org.testng.SuiteRunnerWorker.runSuite(SuiteRunnerWorker.java:52)
	at org.testng.SuiteRunnerWorker.run(SuiteRunnerWorker.java:86)
	at org.testng.TestNG.runSuitesSequentially(TestNG.java:1198)
	at org.testng.TestNG.runSuitesLocally(TestNG.java:1123)
	at org.testng.TestNG.run(TestNG.java:1031)
	at org.testng.remote.AbstractRemoteTestNG.run(AbstractRemoteTestNG.java:114)
	at org.testng.remote.RemoteTestNG.initAndRun(RemoteTestNG.java:251)
	at org.testng.remote.RemoteTestNG.main(RemoteTestNG.java:77)
]]>
            </full-stacktrace>
          </exception> <!-- java.lang.AssertionError -->
          <reporter-output>
          </reporter-output>
        </test-method> <!-- clickPlan -->
        <test-method status="PASS" signature="clickProfile()[pri:0, instance:com.pack.home.TestExecution.TestRun@42d80b78]" name="clickProfile" duration-ms="5254" started-at="2017-09-20T10:52:16Z" description="Navigates to Profile page (passes)" finished-at="2017-09-20T10:52:22Z">
          <reporter-output>
          </reporter-output>
        </test-method> <!-- clickProfile -->
        <test-method status="PASS" signature="clickService()[pri:0, instance:com.pack.home.TestExecution.TestRun@42d80b78]" name="clickService" duration-ms="5251" started-at="2017-09-20T10:52:22Z" description="Navigates to Service request page (passes)" finished-at="2017-09-20T10:52:27Z">
          <reporter-output>
          </reporter-output>
        </test-method> <!-- clickService -->
        <test-method status="PASS" signature="logout()[pri:0, instance:com.pack.home.TestExecution.TestRun@42d80b78]" name="logout" duration-ms="5283" started-at="2017-09-20T10:52:27Z" description="Logs out (passes)" finished-at="2017-09-20T10:52:32Z">
          <reporter-output>
          </reporter-output>
        </test-method> <!-- logout -->
        <test-method status="PASS" signature="afterMethod()[pri:0, instance:com.pack.home.TestExecution.TestRun@42d80b78]" name="afterMethod" is-config="true" duration-ms="2214" started-at="2017-09-20T10:52:32Z" finished-at="2017-09-20T10:52:34Z">
          <reporter-output>
          </reporter-output>
        </test-method> <!-- afterMethod -->
      </class> <!-- com.pack.home.TestExecution.TestRun -->
    </test> <!-- Default test -->
  </suite> <!-- Default suite -->
</testng-results>
